1 1
Output 100
Output 101
1 1
Output 100
Output 102
1 1
Output 100
Output 101
1 2
Output 111
1 2
Output 111
1 1
Output 100
Output 101
1 1
Output 100
Output 102
1 1
Output 100
Output 101
1 1
Output 100
Output 104
1 1
Output 100
Output 101
1 1
Output 100
Output 102
1 1
Output 100
Output 101
1 1
Output 100
Output 108
1 1
Output 100
Output 101
1 1
Output 100
Output 102
1 1
Output 100
Output 101
1 1
Output 100
Output 104
1 1
Output 100
Output 101
1 1
Output 100
Output 102
1 1
Output 100
Output 101
1 1
Output 100
Output 116
1 1
Output 100
Output 101
1 1
Output 100
Output 102
1 1
Output 100
Output 101
1 1
Output 100
Output 104
1 1
Output 100
Output 101
1 1
Output 100
Output 102
1 1
Output 100
Output 101
1 1
Output 100
Output 108
1 1
Output 100
Output 101
1 1
Output 100
Output 102
1 1
Output 100
Output 101
1 1
Output 100
Output 104
1 1
Output 100
Output 101
1 1
Output 100
Output 102
1 1
Output 100
Output 101
1 1
Output 100
Output 132
